[0.474s] DEBUG:colcon:Command line arguments: ['/usr/bin/colcon', 'build', '--symlink-install']
[0.474s] DEBUG:colcon:Parsed command line arguments: Namespace(allow_overriding=[], ament_cmake_args=None, base_paths=['.'], build_base='build', catkin_cmake_args=None, catkin_skip_building_tests=False, cmake_args=None, cmake_clean_cache=False, cmake_clean_first=False, cmake_force_configure=False, cmake_target=None, cmake_target_skip_unavailable=False, continue_on_error=False, event_handlers=None, executor='parallel', ignore_user_meta=False, install_base='install', log_base=None, log_level=None, main=<bound method BuildVerb.main of <colcon_core.verb.build.BuildVerb object at 0xffff8ef12c10>>, merge_install=False, metas=['./colcon.meta'], packages_above=None, packages_above_and_dependencies=None, packages_above_depth=None, packages_end=None, packages_ignore=None, packages_ignore_regex=None, packages_select=None, packages_select_build_failed=False, packages_select_by_dep=None, packages_select_regex=None, packages_select_test_failures=False, packages_skip=None, packages_skip_build_finished=False, packages_skip_by_dep=None, packages_skip_regex=None, packages_skip_test_passed=False, packages_skip_up_to=None, packages_start=None, packages_up_to=None, packages_up_to_regex=None, parallel_workers=6, paths=None, symlink_install=True, test_result_base=None, verb_extension=<colcon_core.verb.build.BuildVerb object at 0xffff8ef12c10>, verb_name='build', verb_parser=<colcon_defaults.argument_parser.defaults.DefaultArgumentsDecorator object at 0xffff8ef223a0>)
[0.587s] Level 1:colcon.colcon_core.package_discovery:discover_packages(colcon_meta) check parameters
[0.587s] Level 1:colcon.colcon_core.package_discovery:discover_packages(recursive) check parameters
[0.587s] Level 1:colcon.colcon_core.package_discovery:discover_packages(ignore) check parameters
[0.587s] Level 1:colcon.colcon_core.package_discovery:discover_packages(path) check parameters
[0.587s] Level 1:colcon.colcon_core.package_discovery:discover_packages(colcon_meta) discover
[0.588s] Level 1:colcon.colcon_core.package_discovery:discover_packages(recursive) discover
[0.588s] INFO:colcon.colcon_core.package_discovery:Crawling recursively for packages in '/home/francesco/zero_sonic'
[0.588s] Level 1:colcon.colcon_core.package_identification:_identify(.) by extensions ['ignore', 'ignore_ament_install']
[0.588s] Level 1:colcon.colcon_core.package_identification:_identify(.) by extension 'ignore'
[0.588s] Level 1:colcon.colcon_core.package_identification:_identify(.) by extension 'ignore_ament_install'
[0.589s] Level 1:colcon.colcon_core.package_identification:_identify(.) by extensions ['colcon_pkg']
[0.589s] Level 1:colcon.colcon_core.package_identification:_identify(.) by extension 'colcon_pkg'
[0.589s] Level 1:colcon.colcon_core.package_identification:_identify(.) by extensions ['colcon_meta']
[0.589s] Level 1:colcon.colcon_core.package_identification:_identify(.) by extension 'colcon_meta'
[0.589s] Level 1:colcon.colcon_core.package_identification:_identify(.) by extensions ['ros']
[0.589s] Level 1:colcon.colcon_core.package_identification:_identify(.) by extension 'ros'
[0.621s] Level 1:colcon.colcon_core.package_identification:_identify(.) by extensions ['cmake', 'python']
[0.621s] Level 1:colcon.colcon_core.package_identification:_identify(.) by extension 'cmake'
[0.621s] Level 1:colcon.colcon_core.package_identification:_identify(.) by extension 'python'
[0.621s] Level 1:colcon.colcon_core.package_identification:_identify(.) by extensions ['python_setup_py']
[0.622s] Level 1:colcon.colcon_core.package_identification:_identify(.) by extension 'python_setup_py'
[0.622s] Level 1:colcon.colcon_core.package_identification:_identify(build) by extensions ['ignore', 'ignore_ament_install']
[0.622s] Level 1:colcon.colcon_core.package_identification:_identify(build) by extension 'ignore'
[0.622s] Level 1:colcon.colcon_core.package_identification:_identify(build) ignored
[0.622s] Level 1:colcon.colcon_core.package_identification:_identify(install) by extensions ['ignore', 'ignore_ament_install']
[0.623s] Level 1:colcon.colcon_core.package_identification:_identify(install) by extension 'ignore'
[0.623s] Level 1:colcon.colcon_core.package_identification:_identify(install) ignored
[0.623s] Level 1:colcon.colcon_core.package_identification:_identify(log) by extensions ['ignore', 'ignore_ament_install']
[0.623s] Level 1:colcon.colcon_core.package_identification:_identify(log) by extension 'ignore'
[0.623s] Level 1:colcon.colcon_core.package_identification:_identify(log) ignored
[0.623s] Level 1:colcon.colcon_core.package_identification:_identify(src) by extensions ['ignore', 'ignore_ament_install']
[0.624s] Level 1:colcon.colcon_core.package_identification:_identify(src) by extension 'ignore'
[0.624s] Level 1:colcon.colcon_core.package_identification:_identify(src) by extension 'ignore_ament_install'
[0.624s] Level 1:colcon.colcon_core.package_identification:_identify(src) by extensions ['colcon_pkg']
[0.624s] Level 1:colcon.colcon_core.package_identification:_identify(src) by extension 'colcon_pkg'
[0.624s] Level 1:colcon.colcon_core.package_identification:_identify(src) by extensions ['colcon_meta']
[0.624s] Level 1:colcon.colcon_core.package_identification:_identify(src) by extension 'colcon_meta'
[0.624s] Level 1:colcon.colcon_core.package_identification:_identify(src) by extensions ['ros']
[0.624s] Level 1:colcon.colcon_core.package_identification:_identify(src) by extension 'ros'
[0.624s] Level 1:colcon.colcon_core.package_identification:_identify(src) by extensions ['cmake', 'python']
[0.625s] Level 1:colcon.colcon_core.package_identification:_identify(src) by extension 'cmake'
[0.625s] Level 1:colcon.colcon_core.package_identification:_identify(src) by extension 'python'
[0.625s] Level 1:colcon.colcon_core.package_identification:_identify(src) by extensions ['python_setup_py']
[0.625s] Level 1:colcon.colcon_core.package_identification:_identify(src) by extension 'python_setup_py'
[0.625s] Level 1:colcon.colcon_core.package_identification:_identify(src/py_hello_world) by extensions ['ignore', 'ignore_ament_install']
[0.625s] Level 1:colcon.colcon_core.package_identification:_identify(src/py_hello_world) by extension 'ignore'
[0.625s] Level 1:colcon.colcon_core.package_identification:_identify(src/py_hello_world) by extension 'ignore_ament_install'
[0.625s] Level 1:colcon.colcon_core.package_identification:_identify(src/py_hello_world) by extensions ['colcon_pkg']
[0.625s] Level 1:colcon.colcon_core.package_identification:_identify(src/py_hello_world) by extension 'colcon_pkg'
[0.626s] Level 1:colcon.colcon_core.package_identification:_identify(src/py_hello_world) by extensions ['colcon_meta']
[0.626s] Level 1:colcon.colcon_core.package_identification:_identify(src/py_hello_world) by extension 'colcon_meta'
[0.626s] Level 1:colcon.colcon_core.package_identification:_identify(src/py_hello_world) by extensions ['ros']
[0.626s] Level 1:colcon.colcon_core.package_identification:_identify(src/py_hello_world) by extension 'ros'
[0.632s] DEBUG:colcon.colcon_core.package_identification:Package 'src/py_hello_world' with type 'ros.ament_python' and name 'py_hello_world'
[0.632s] Level 1:colcon.colcon_core.package_discovery:discover_packages(recursive) using defaults
[0.632s] Level 1:colcon.colcon_core.package_discovery:discover_packages(ignore) discover
[0.632s] Level 1:colcon.colcon_core.package_discovery:discover_packages(ignore) using defaults
[0.632s] Level 1:colcon.colcon_core.package_discovery:discover_packages(path) discover
[0.632s] Level 1:colcon.colcon_core.package_discovery:discover_packages(path) using defaults
[0.681s] Level 1:colcon.colcon_core.package_discovery:discover_packages(prefix_path) check parameters
[0.681s] Level 1:colcon.colcon_core.package_discovery:discover_packages(prefix_path) discover
[0.687s] DEBUG:colcon.colcon_installed_package_information.package_discovery:Found 256 installed packages in /opt/ros/foxy
[0.690s] Level 1:colcon.colcon_core.package_discovery:discover_packages(prefix_path) using defaults
[0.800s] Level 5:colcon.colcon_core.verb:set package 'py_hello_world' build argument 'cmake_args' from command line to 'None'
[0.800s] Level 5:colcon.colcon_core.verb:set package 'py_hello_world' build argument 'cmake_target' from command line to 'None'
[0.800s] Level 5:colcon.colcon_core.verb:set package 'py_hello_world' build argument 'cmake_target_skip_unavailable' from command line to 'False'
[0.800s] Level 5:colcon.colcon_core.verb:set package 'py_hello_world' build argument 'cmake_clean_cache' from command line to 'False'
[0.800s] Level 5:colcon.colcon_core.verb:set package 'py_hello_world' build argument 'cmake_clean_first' from command line to 'False'
[0.800s] Level 5:colcon.colcon_core.verb:set package 'py_hello_world' build argument 'cmake_force_configure' from command line to 'False'
[0.801s] Level 5:colcon.colcon_core.verb:set package 'py_hello_world' build argument 'ament_cmake_args' from command line to 'None'
[0.801s] Level 5:colcon.colcon_core.verb:set package 'py_hello_world' build argument 'catkin_cmake_args' from command line to 'None'
[0.801s] Level 5:colcon.colcon_core.verb:set package 'py_hello_world' build argument 'catkin_skip_building_tests' from command line to 'False'
[0.801s] DEBUG:colcon.colcon_core.verb:Building package 'py_hello_world' with the following arguments: {'ament_cmake_args': None, 'build_base': '/home/francesco/zero_sonic/build/py_hello_world', 'catkin_cmake_args': None, 'catkin_skip_building_tests': False, 'cmake_args': None, 'cmake_clean_cache': False, 'cmake_clean_first': False, 'cmake_force_configure': False, 'cmake_target': None, 'cmake_target_skip_unavailable': False, 'install_base': '/home/francesco/zero_sonic/install/py_hello_world', 'merge_install': False, 'path': '/home/francesco/zero_sonic/src/py_hello_world', 'symlink_install': True, 'test_result_base': None}
[0.801s] INFO:colcon.colcon_core.executor:Executing jobs using 'parallel' executor
[0.804s] DEBUG:colcon.colcon_parallel_executor.executor.parallel:run_until_complete
[0.804s] INFO:colcon.colcon_ros.task.ament_python.build:Building ROS package in '/home/francesco/zero_sonic/src/py_hello_world' with build type 'ament_python'
[0.804s] Level 1:colcon.colcon_core.shell:create_environment_hook('py_hello_world', 'ament_prefix_path')
[0.809s] INFO:colcon.colcon_core.plugin_system:Skipping extension 'colcon_core.shell.bat': Not used on non-Windows systems
[0.809s] INFO:colcon.colcon_core.shell:Creating environment hook '/home/francesco/zero_sonic/install/py_hello_world/share/py_hello_world/hook/ament_prefix_path.ps1'
[0.811s] INFO:colcon.colcon_core.shell:Creating environment descriptor '/home/francesco/zero_sonic/install/py_hello_world/share/py_hello_world/hook/ament_prefix_path.dsv'
[0.812s] INFO:colcon.colcon_core.shell:Creating environment hook '/home/francesco/zero_sonic/install/py_hello_world/share/py_hello_world/hook/ament_prefix_path.sh'
[0.814s] INFO:colcon.colcon_core.shell:Skip shell extension 'powershell' for command environment: Not usable outside of PowerShell
[0.814s] DEBUG:colcon.colcon_core.shell:Skip shell extension 'dsv' for command environment
[1.302s] INFO:colcon.colcon_core.task.python.build:Building Python package in '/home/francesco/zero_sonic/src/py_hello_world'
[1.304s] INFO:colcon.colcon_core.shell:Skip shell extension 'powershell' for command environment: Not usable outside of PowerShell
[1.304s] DEBUG:colcon.colcon_core.shell:Skip shell extension 'dsv' for command environment
[2.705s] DEBUG:colcon.colcon_core.event_handler.log_command:Invoking command in '/home/francesco/zero_sonic/build/py_hello_world': CONDA_PROMPT_MODIFIER=(base) PYTHONPATH=/home/francesco/zero_sonic/build/py_hello_world/prefix_override:/usr/lib/python3/dist-packages/colcon_core/task/python/colcon_distutils_commands:/home/francesco/zero_sonic/install/py_hello_world/lib/python3.8/site-packages:${PYTHONPATH} /usr/bin/python3 -W ignore:setup.py install is deprecated -W ignore:easy_install command is deprecated setup.py develop --editable --build-directory /home/francesco/zero_sonic/build/py_hello_world/build --no-deps symlink_data
[4.321s] Level 1:colcon.colcon_core.shell:create_environment_hook('py_hello_world', 'pythonpath_develop')
[4.322s] INFO:colcon.colcon_core.shell:Creating environment hook '/home/francesco/zero_sonic/build/py_hello_world/share/py_hello_world/hook/pythonpath_develop.ps1'
[4.324s] DEBUG:colcon.colcon_core.event_handler.log_command:Invoked command in '/home/francesco/zero_sonic/build/py_hello_world' returned '0': CONDA_PROMPT_MODIFIER=(base) PYTHONPATH=/home/francesco/zero_sonic/build/py_hello_world/prefix_override:/usr/lib/python3/dist-packages/colcon_core/task/python/colcon_distutils_commands:/home/francesco/zero_sonic/install/py_hello_world/lib/python3.8/site-packages:${PYTHONPATH} /usr/bin/python3 -W ignore:setup.py install is deprecated -W ignore:easy_install command is deprecated setup.py develop --editable --build-directory /home/francesco/zero_sonic/build/py_hello_world/build --no-deps symlink_data
[4.325s] INFO:colcon.colcon_core.shell:Creating environment descriptor '/home/francesco/zero_sonic/build/py_hello_world/share/py_hello_world/hook/pythonpath_develop.dsv'
[4.326s] INFO:colcon.colcon_core.shell:Creating environment hook '/home/francesco/zero_sonic/build/py_hello_world/share/py_hello_world/hook/pythonpath_develop.sh'
[4.338s] Level 1:colcon.colcon_core.environment:checking '/home/francesco/zero_sonic/install/py_hello_world' for CMake module files
[4.339s] Level 1:colcon.colcon_core.environment:checking '/home/francesco/zero_sonic/install/py_hello_world' for CMake config files
[4.341s] Level 1:colcon.colcon_core.environment:checking '/home/francesco/zero_sonic/install/py_hello_world/lib'
[4.341s] Level 1:colcon.colcon_core.environment:checking '/home/francesco/zero_sonic/install/py_hello_world/bin'
[4.341s] Level 1:colcon.colcon_core.environment:checking '/home/francesco/zero_sonic/install/py_hello_world/lib/pkgconfig/py_hello_world.pc'
[4.342s] Level 1:colcon.colcon_core.environment:checking '/home/francesco/zero_sonic/install/py_hello_world/lib/python3.8/site-packages'
[4.342s] Level 1:colcon.colcon_core.shell:create_environment_hook('py_hello_world', 'pythonpath')
[4.343s] INFO:colcon.colcon_core.shell:Creating environment hook '/home/francesco/zero_sonic/install/py_hello_world/share/py_hello_world/hook/pythonpath.ps1'
[4.344s] INFO:colcon.colcon_core.shell:Creating environment descriptor '/home/francesco/zero_sonic/install/py_hello_world/share/py_hello_world/hook/pythonpath.dsv'
[4.345s] INFO:colcon.colcon_core.shell:Creating environment hook '/home/francesco/zero_sonic/install/py_hello_world/share/py_hello_world/hook/pythonpath.sh'
[4.346s] Level 1:colcon.colcon_core.environment:checking '/home/francesco/zero_sonic/install/py_hello_world/bin'
[4.346s] Level 1:colcon.colcon_core.environment:create_environment_scripts_only(py_hello_world)
[4.347s] INFO:colcon.colcon_core.shell:Creating package script '/home/francesco/zero_sonic/install/py_hello_world/share/py_hello_world/package.ps1'
[4.349s] INFO:colcon.colcon_core.shell:Creating package descriptor '/home/francesco/zero_sonic/install/py_hello_world/share/py_hello_world/package.dsv'
[4.350s] INFO:colcon.colcon_core.shell:Creating package script '/home/francesco/zero_sonic/install/py_hello_world/share/py_hello_world/package.sh'
[4.351s] INFO:colcon.colcon_core.shell:Creating package script '/home/francesco/zero_sonic/install/py_hello_world/share/py_hello_world/package.bash'
[4.353s] INFO:colcon.colcon_core.shell:Creating package script '/home/francesco/zero_sonic/install/py_hello_world/share/py_hello_world/package.zsh'
[4.355s] Level 1:colcon.colcon_core.environment:create_file_with_runtime_dependencies(/home/francesco/zero_sonic/install/py_hello_world/share/colcon-core/packages/py_hello_world)
[4.356s] DEBUG:colcon.colcon_parallel_executor.executor.parallel:closing loop
[4.356s] DEBUG:colcon.colcon_parallel_executor.executor.parallel:loop closed
[4.357s] DEBUG:colcon.colcon_parallel_executor.executor.parallel:run_until_complete finished with '0'
[4.358s] DEBUG:colcon.colcon_core.event_reactor:joining thread
[4.370s] INFO:colcon.colcon_core.plugin_system:Skipping extension 'colcon_notification.desktop_notification.terminal_notifier': Not used on non-Darwin systems
[4.370s] INFO:colcon.colcon_core.plugin_system:Skipping extension 'colcon_notification.desktop_notification.win32': Not used on non-Windows systems
[4.370s] INFO:colcon.colcon_notification.desktop_notification:Sending desktop notification using 'notify2'
[4.411s] DEBUG:colcon.colcon_core.event_reactor:joined thread
[4.412s] INFO:colcon.colcon_core.shell:Creating prefix script '/home/francesco/zero_sonic/install/local_setup.ps1'
[4.415s] INFO:colcon.colcon_core.shell:Creating prefix util module '/home/francesco/zero_sonic/install/_local_setup_util_ps1.py'
[4.418s] INFO:colcon.colcon_core.shell:Creating prefix chain script '/home/francesco/zero_sonic/install/setup.ps1'
[4.421s] INFO:colcon.colcon_core.shell:Creating prefix script '/home/francesco/zero_sonic/install/local_setup.sh'
[4.423s] INFO:colcon.colcon_core.shell:Creating prefix util module '/home/francesco/zero_sonic/install/_local_setup_util_sh.py'
[4.424s] INFO:colcon.colcon_core.shell:Creating prefix chain script '/home/francesco/zero_sonic/install/setup.sh'
[4.426s] INFO:colcon.colcon_core.shell:Creating prefix script '/home/francesco/zero_sonic/install/local_setup.bash'
[4.427s] INFO:colcon.colcon_core.shell:Creating prefix chain script '/home/francesco/zero_sonic/install/setup.bash'
[4.429s] INFO:colcon.colcon_core.shell:Creating prefix script '/home/francesco/zero_sonic/install/local_setup.zsh'
[4.430s] INFO:colcon.colcon_core.shell:Creating prefix chain script '/home/francesco/zero_sonic/install/setup.zsh'
